2020-11-17 21:17:09,059 INFO org.springframework.boot.StartupInfoLogger [main] Starting MdErgoApplication on agnese-PC with PID 18104 (C:\Users\agnese\MDErgo\target\classes started by agnese in C:\Users\agnese\MDErgo)
2020-11-17 21:17:09,071 INFO org.springframework.boot.SpringApplication [main] No active profile set, falling back to default profiles: default
2020-11-17 21:17:12,217 INFO org.springframework.boot.web.embedded.tomcat.TomcatWebServer [main] Tomcat initialized with port(s): 8080 (http)
2020-11-17 21:17:12,250 INFO org.apache.juli.logging.DirectJDKLog [main] Initializing ProtocolHandler ["http-nio-8080"]
2020-11-17 21:17:12,254 INFO org.apache.juli.logging.DirectJDKLog [main] Starting service [Tomcat]
2020-11-17 21:17:12,256 INFO org.apache.juli.logging.DirectJDKLog [main] Starting Servlet engine: [Apache Tomcat/9.0.36]
2020-11-17 21:17:12,771 INFO org.apache.juli.logging.DirectJDKLog [main] Initializing Spring embedded WebApplicationContext
2020-11-17 21:17:12,774 INFO org.springframework.boot.web.servlet.context.ServletWebServerApplicationContext [main] Root WebApplicationContext: initialization completed in 3569 ms
2020-11-17 21:17:13,611 INFO org.springframework.scheduling.concurrent.ExecutorConfigurationSupport [main] Initializing ExecutorService 'applicationTaskExecutor'
2020-11-17 21:17:14,214 INFO org.apache.juli.logging.DirectJDKLog [main] Starting ProtocolHandler ["http-nio-8080"]
2020-11-17 21:17:14,356 INFO org.springframework.boot.web.embedded.tomcat.TomcatWebServer [main] Tomcat started on port(s): 8080 (http) with context path ''
2020-11-17 21:17:14,396 INFO org.springframework.boot.StartupInfoLogger [main] Started MdErgoApplication in 6.98 seconds (JVM running for 9.266)
2020-11-17 21:20:46,384 INFO org.springframework.scheduling.concurrent.ExecutorConfigurationSupport [SpringContextShutdownHook] Shutting down ExecutorService 'applicationTaskExecutor'
2020-11-17 21:21:11,433 INFO org.springframework.boot.StartupInfoLogger [main] Starting MdErgoApplication on agnese-PC with PID 3328 (C:\Users\agnese\MDErgo\target\classes started by agnese in C:\Users\agnese\MDErgo)
2020-11-17 21:21:11,444 INFO org.springframework.boot.SpringApplication [main] No active profile set, falling back to default profiles: default
2020-11-17 21:21:17,021 INFO org.springframework.boot.web.embedded.tomcat.TomcatWebServer [main] Tomcat initialized with port(s): 8080 (http)
2020-11-17 21:21:17,056 INFO org.apache.juli.logging.DirectJDKLog [main] Initializing ProtocolHandler ["http-nio-8080"]
2020-11-17 21:21:17,059 INFO org.apache.juli.logging.DirectJDKLog [main] Starting service [Tomcat]
2020-11-17 21:21:17,061 INFO org.apache.juli.logging.DirectJDKLog [main] Starting Servlet engine: [Apache Tomcat/9.0.36]
2020-11-17 21:21:17,473 INFO org.apache.juli.logging.DirectJDKLog [main] Initializing Spring embedded WebApplicationContext
2020-11-17 21:21:17,474 INFO org.springframework.boot.web.servlet.context.ServletWebServerApplicationContext [main] Root WebApplicationContext: initialization completed in 5920 ms
2020-11-17 21:21:18,099 INFO org.springframework.scheduling.concurrent.ExecutorConfigurationSupport [main] Initializing ExecutorService 'applicationTaskExecutor'
2020-11-17 21:21:18,605 INFO org.apache.juli.logging.DirectJDKLog [main] Starting ProtocolHandler ["http-nio-8080"]
2020-11-17 21:21:18,683 INFO org.springframework.boot.web.embedded.tomcat.TomcatWebServer [main] Tomcat started on port(s): 8080 (http) with context path ''
2020-11-17 21:21:18,730 INFO org.springframework.boot.StartupInfoLogger [main] Started MdErgoApplication in 9.046 seconds (JVM running for 11.519)
2020-11-17 21:22:01,437 INFO org.springframework.scheduling.concurrent.ExecutorConfigurationSupport [SpringContextShutdownHook] Shutting down ExecutorService 'applicationTaskExecutor'
2020-11-17 21:22:16,811 INFO org.springframework.boot.StartupInfoLogger [main] Starting MdErgoApplication on agnese-PC with PID 15144 (C:\Users\agnese\MDErgo\target\classes started by agnese in C:\Users\agnese\MDErgo)
2020-11-17 21:22:16,820 INFO org.springframework.boot.SpringApplication [main] No active profile set, falling back to default profiles: default
2020-11-17 21:22:18,189 WARN org.mybatis.spring.mapper.ClassPathMapperScanner [main] No MyBatis mapper was found in '[MdErgo]' package. Please check your configuration.
2020-11-17 21:22:18,330 INFO org.springframework.data.repository.config.RepositoryConfigurationDelegate [main] Bootstrapping Spring Data JPA repositories in DEFERRED mode.
2020-11-17 21:22:18,640 INFO org.springframework.data.repository.config.RepositoryConfigurationDelegate [main] Finished Spring Data repository scanning in 262ms. Found 1 JPA repository interfaces.
2020-11-17 21:22:21,602 INFO org.springframework.boot.web.embedded.tomcat.TomcatWebServer [main] Tomcat initialized with port(s): 8080 (http)
2020-11-17 21:22:21,663 INFO org.apache.juli.logging.DirectJDKLog [main] Initializing ProtocolHandler ["http-nio-8080"]
2020-11-17 21:22:21,668 INFO org.apache.juli.logging.DirectJDKLog [main] Starting service [Tomcat]
2020-11-17 21:22:21,670 INFO org.apache.juli.logging.DirectJDKLog [main] Starting Servlet engine: [Apache Tomcat/9.0.36]
2020-11-17 21:22:22,227 INFO org.apache.juli.logging.DirectJDKLog [main] Initializing Spring embedded WebApplicationContext
2020-11-17 21:22:22,228 INFO org.springframework.boot.web.servlet.context.ServletWebServerApplicationContext [main] Root WebApplicationContext: initialization completed in 5287 ms
2020-11-17 21:22:22,585 WARN org.springframework.context.support.AbstractApplicationContext [main] Exception encountered during context initialization - cancelling refresh attempt: org.springframework.beans.factory.BeanCreationException: Error creating bean with name 'liquibase' defined in class path resource [org/springframework/boot/autoconfigure/liquibase/LiquibaseAutoConfiguration$LiquibaseConfiguration.class]: Bean instantiation via factory method failed; nested exception is org.springframework.beans.BeanInstantiationException: Failed to instantiate [liquibase.integration.spring.SpringLiquibase]: Factory method 'liquibase' threw exception; nested exception is org.springframework.beans.factory.BeanCreationException: Error creating bean with name 'dataSource' defined in class path resource [org/springframework/boot/autoconfigure/jdbc/DataSourceConfiguration$Hikari.class]: Bean instantiation via factory method failed; nested exception is org.springframework.beans.BeanInstantiationException: Failed to instantiate [com.zaxxer.hikari.HikariDataSource]: Factory method 'dataSource' threw exception; nested exception is org.springframework.boot.autoconfigure.jdbc.DataSourceProperties$DataSourceBeanCreationException: Failed to determine a suitable driver class
2020-11-17 21:22:22,600 INFO org.apache.juli.logging.DirectJDKLog [main] Stopping service [Tomcat]
2020-11-17 21:22:22,661 INFO org.springframework.boot.autoconfigure.logging.ConditionEvaluationReportLoggingListener [main] 

Error starting ApplicationContext. To display the conditions report re-run your application with 'debug' enabled.
2020-11-17 21:22:22,672 ERROR org.springframework.boot.diagnostics.LoggingFailureAnalysisReporter [main] 

***************************
APPLICATION FAILED TO START
***************************

Description:

Failed to configure a DataSource: 'url' attribute is not specified and no embedded datasource could be configured.

Reason: Failed to determine a suitable driver class


Action:

Consider the following:
	If you want an embedded database (H2, HSQL or Derby), please put it on the classpath.
	If you have database settings to be loaded from a particular profile you may need to activate it (no profiles are currently active).

2020-11-17 21:22:51,623 INFO org.springframework.boot.StartupInfoLogger [main] Starting MdErgoApplication on agnese-PC with PID 6180 (C:\Users\agnese\MDErgo\target\classes started by agnese in C:\Users\agnese\MDErgo)
2020-11-17 21:22:51,631 INFO org.springframework.boot.SpringApplication [main] No active profile set, falling back to default profiles: default
2020-11-17 21:22:55,609 INFO org.springframework.boot.web.embedded.tomcat.TomcatWebServer [main] Tomcat initialized with port(s): 8080 (http)
2020-11-17 21:22:55,656 INFO org.apache.juli.logging.DirectJDKLog [main] Initializing ProtocolHandler ["http-nio-8080"]
2020-11-17 21:22:55,659 INFO org.apache.juli.logging.DirectJDKLog [main] Starting service [Tomcat]
2020-11-17 21:22:55,660 INFO org.apache.juli.logging.DirectJDKLog [main] Starting Servlet engine: [Apache Tomcat/9.0.36]
2020-11-17 21:22:56,181 INFO org.apache.juli.logging.DirectJDKLog [main] Initializing Spring embedded WebApplicationContext
2020-11-17 21:22:56,183 INFO org.springframework.boot.web.servlet.context.ServletWebServerApplicationContext [main] Root WebApplicationContext: initialization completed in 4385 ms
2020-11-17 21:22:56,982 INFO org.springframework.scheduling.concurrent.ExecutorConfigurationSupport [main] Initializing ExecutorService 'applicationTaskExecutor'
2020-11-17 21:22:57,521 INFO org.apache.juli.logging.DirectJDKLog [main] Starting ProtocolHandler ["http-nio-8080"]
2020-11-17 21:22:57,619 INFO org.springframework.boot.web.embedded.tomcat.TomcatWebServer [main] Tomcat started on port(s): 8080 (http) with context path ''
2020-11-17 21:22:57,658 INFO org.springframework.boot.StartupInfoLogger [main] Started MdErgoApplication in 7.735 seconds (JVM running for 9.708)
2020-11-17 21:27:44,652 INFO org.springframework.scheduling.concurrent.ExecutorConfigurationSupport [SpringContextShutdownHook] Shutting down ExecutorService 'applicationTaskExecutor'
2020-11-17 21:27:59,686 INFO org.springframework.boot.StartupInfoLogger [main] Starting MdErgoApplication on agnese-PC with PID 10720 (C:\Users\agnese\MDErgo\target\classes started by agnese in C:\Users\agnese\MDErgo)
2020-11-17 21:27:59,692 INFO org.springframework.boot.SpringApplication [main] No active profile set, falling back to default profiles: default
2020-11-17 21:28:03,132 INFO org.springframework.boot.web.embedded.tomcat.TomcatWebServer [main] Tomcat initialized with port(s): 8080 (http)
2020-11-17 21:28:03,175 INFO org.apache.juli.logging.DirectJDKLog [main] Initializing ProtocolHandler ["http-nio-8080"]
2020-11-17 21:28:03,181 INFO org.apache.juli.logging.DirectJDKLog [main] Starting service [Tomcat]
2020-11-17 21:28:03,182 INFO org.apache.juli.logging.DirectJDKLog [main] Starting Servlet engine: [Apache Tomcat/9.0.36]
2020-11-17 21:28:03,807 INFO org.apache.juli.logging.DirectJDKLog [main] Initializing Spring embedded WebApplicationContext
2020-11-17 21:28:03,809 INFO org.springframework.boot.web.servlet.context.ServletWebServerApplicationContext [main] Root WebApplicationContext: initialization completed in 3924 ms
2020-11-17 21:28:04,784 INFO org.springframework.scheduling.concurrent.ExecutorConfigurationSupport [main] Initializing ExecutorService 'applicationTaskExecutor'
2020-11-17 21:28:05,496 INFO org.apache.juli.logging.DirectJDKLog [main] Starting ProtocolHandler ["http-nio-8080"]
2020-11-17 21:28:05,614 INFO org.springframework.boot.web.embedded.tomcat.TomcatWebServer [main] Tomcat started on port(s): 8080 (http) with context path ''
2020-11-17 21:28:05,651 INFO org.springframework.boot.StartupInfoLogger [main] Started MdErgoApplication in 7.708 seconds (JVM running for 11.841)
2020-11-17 21:38:15,100 INFO org.springframework.scheduling.concurrent.ExecutorConfigurationSupport [SpringContextShutdownHook] Shutting down ExecutorService 'applicationTaskExecutor'
2020-11-17 21:38:29,890 INFO org.springframework.boot.StartupInfoLogger [main] Starting MdErgoApplication on agnese-PC with PID 1132 (C:\Users\agnese\MDErgo\target\classes started by agnese in C:\Users\agnese\MDErgo)
2020-11-17 21:38:29,901 INFO org.springframework.boot.SpringApplication [main] No active profile set, falling back to default profiles: default
2020-11-17 21:38:32,409 INFO org.springframework.boot.web.embedded.tomcat.TomcatWebServer [main] Tomcat initialized with port(s): 8080 (http)
2020-11-17 21:38:32,445 INFO org.apache.juli.logging.DirectJDKLog [main] Initializing ProtocolHandler ["http-nio-8080"]
2020-11-17 21:38:32,447 INFO org.apache.juli.logging.DirectJDKLog [main] Starting service [Tomcat]
2020-11-17 21:38:32,448 INFO org.apache.juli.logging.DirectJDKLog [main] Starting Servlet engine: [Apache Tomcat/9.0.36]
2020-11-17 21:38:32,784 INFO org.apache.juli.logging.DirectJDKLog [main] Initializing Spring embedded WebApplicationContext
2020-11-17 21:38:32,786 INFO org.springframework.boot.web.servlet.context.ServletWebServerApplicationContext [main] Root WebApplicationContext: initialization completed in 2727 ms
2020-11-17 21:38:33,382 INFO org.springframework.scheduling.concurrent.ExecutorConfigurationSupport [main] Initializing ExecutorService 'applicationTaskExecutor'
2020-11-17 21:38:34,543 INFO org.apache.juli.logging.DirectJDKLog [main] Starting ProtocolHandler ["http-nio-8080"]
2020-11-17 21:38:34,711 INFO org.springframework.boot.web.embedded.tomcat.TomcatWebServer [main] Tomcat started on port(s): 8080 (http) with context path ''
2020-11-17 21:38:34,767 INFO org.springframework.boot.StartupInfoLogger [main] Started MdErgoApplication in 6.421 seconds (JVM running for 9.79)
2020-11-17 22:02:58,842 INFO org.springframework.scheduling.concurrent.ExecutorConfigurationSupport [SpringContextShutdownHook] Shutting down ExecutorService 'applicationTaskExecutor'
2020-11-17 22:03:19,769 INFO org.springframework.boot.StartupInfoLogger [main] Starting MdErgoApplication on agnese-PC with PID 8336 (C:\Users\agnese\MDErgo\target\classes started by agnese in C:\Users\agnese\MDErgo)
2020-11-17 22:03:19,777 INFO org.springframework.boot.SpringApplication [main] No active profile set, falling back to default profiles: default
2020-11-17 22:03:23,140 INFO org.springframework.boot.web.embedded.tomcat.TomcatWebServer [main] Tomcat initialized with port(s): 8080 (http)
2020-11-17 22:03:23,214 INFO org.apache.juli.logging.DirectJDKLog [main] Initializing ProtocolHandler ["http-nio-8080"]
2020-11-17 22:03:23,219 INFO org.apache.juli.logging.DirectJDKLog [main] Starting service [Tomcat]
2020-11-17 22:03:23,222 INFO org.apache.juli.logging.DirectJDKLog [main] Starting Servlet engine: [Apache Tomcat/9.0.36]
2020-11-17 22:03:23,994 INFO org.apache.juli.logging.DirectJDKLog [main] Initializing Spring embedded WebApplicationContext
2020-11-17 22:03:23,996 INFO org.springframework.boot.web.servlet.context.ServletWebServerApplicationContext [main] Root WebApplicationContext: initialization completed in 4110 ms
2020-11-17 22:03:24,959 INFO org.springframework.scheduling.concurrent.ExecutorConfigurationSupport [main] Initializing ExecutorService 'applicationTaskExecutor'
2020-11-17 22:03:25,584 INFO org.apache.juli.logging.DirectJDKLog [main] Starting ProtocolHandler ["http-nio-8080"]
2020-11-17 22:03:25,700 INFO org.springframework.boot.web.embedded.tomcat.TomcatWebServer [main] Tomcat started on port(s): 8080 (http) with context path ''
2020-11-17 22:03:25,777 INFO org.springframework.boot.StartupInfoLogger [main] Started MdErgoApplication in 7.839 seconds (JVM running for 11.628)
2020-11-17 22:13:58,442 INFO org.springframework.scheduling.concurrent.ExecutorConfigurationSupport [SpringContextShutdownHook] Shutting down ExecutorService 'applicationTaskExecutor'
2020-11-17 22:14:05,598 INFO org.springframework.boot.StartupInfoLogger [main] Starting MdErgoApplication on agnese-PC with PID 12956 (C:\Users\agnese\MDErgo\target\classes started by agnese in C:\Users\agnese\MDErgo)
2020-11-17 22:14:05,606 INFO org.springframework.boot.SpringApplication [main] No active profile set, falling back to default profiles: default
2020-11-17 22:14:07,557 INFO org.springframework.boot.web.embedded.tomcat.TomcatWebServer [main] Tomcat initialized with port(s): 8080 (http)
2020-11-17 22:14:07,575 INFO org.apache.juli.logging.DirectJDKLog [main] Initializing ProtocolHandler ["http-nio-8080"]
2020-11-17 22:14:07,576 INFO org.apache.juli.logging.DirectJDKLog [main] Starting service [Tomcat]
2020-11-17 22:14:07,576 INFO org.apache.juli.logging.DirectJDKLog [main] Starting Servlet engine: [Apache Tomcat/9.0.36]
2020-11-17 22:14:07,816 INFO org.apache.juli.logging.DirectJDKLog [main] Initializing Spring embedded WebApplicationContext
2020-11-17 22:14:07,817 INFO org.springframework.boot.web.servlet.context.ServletWebServerApplicationContext [main] Root WebApplicationContext: initialization completed in 2089 ms
2020-11-17 22:14:08,150 INFO org.springframework.scheduling.concurrent.ExecutorConfigurationSupport [main] Initializing ExecutorService 'applicationTaskExecutor'
2020-11-17 22:14:08,353 INFO org.apache.juli.logging.DirectJDKLog [main] Starting ProtocolHandler ["http-nio-8080"]
2020-11-17 22:14:08,392 INFO org.springframework.boot.web.embedded.tomcat.TomcatWebServer [main] Tomcat started on port(s): 8080 (http) with context path ''
2020-11-17 22:14:08,406 INFO org.springframework.boot.StartupInfoLogger [main] Started MdErgoApplication in 4.297 seconds (JVM running for 6.342)
2020-11-17 22:15:22,814 INFO org.springframework.scheduling.concurrent.ExecutorConfigurationSupport [SpringContextShutdownHook] Shutting down ExecutorService 'applicationTaskExecutor'
2020-11-17 22:15:29,853 INFO org.springframework.boot.StartupInfoLogger [main] Starting MdErgoApplication on agnese-PC with PID 1468 (C:\Users\agnese\MDErgo\target\classes started by agnese in C:\Users\agnese\MDErgo)
2020-11-17 22:15:29,861 DEBUG org.springframework.boot.StartupInfoLogger [main] Running with Spring Boot v2.3.1.RELEASE, Spring v5.2.7.RELEASE
2020-11-17 22:15:29,864 INFO org.springframework.boot.SpringApplication [main] No active profile set, falling back to default profiles: default
2020-11-17 22:15:32,385 INFO org.springframework.boot.web.embedded.tomcat.TomcatWebServer [main] Tomcat initialized with port(s): 8080 (http)
2020-11-17 22:15:32,406 INFO org.apache.juli.logging.DirectJDKLog [main] Initializing ProtocolHandler ["http-nio-8080"]
2020-11-17 22:15:32,407 INFO org.apache.juli.logging.DirectJDKLog [main] Starting service [Tomcat]
2020-11-17 22:15:32,408 INFO org.apache.juli.logging.DirectJDKLog [main] Starting Servlet engine: [Apache Tomcat/9.0.36]
2020-11-17 22:15:32,691 INFO org.apache.juli.logging.DirectJDKLog [main] Initializing Spring embedded WebApplicationContext
2020-11-17 22:15:32,692 INFO org.springframework.boot.web.servlet.context.ServletWebServerApplicationContext [main] Root WebApplicationContext: initialization completed in 2628 ms
2020-11-17 22:15:33,043 INFO org.springframework.scheduling.concurrent.ExecutorConfigurationSupport [main] Initializing ExecutorService 'applicationTaskExecutor'
2020-11-17 22:15:33,305 INFO org.apache.juli.logging.DirectJDKLog [main] Starting ProtocolHandler ["http-nio-8080"]
2020-11-17 22:15:33,338 INFO org.springframework.boot.web.embedded.tomcat.TomcatWebServer [main] Tomcat started on port(s): 8080 (http) with context path ''
2020-11-17 22:15:33,354 INFO org.springframework.boot.StartupInfoLogger [main] Started MdErgoApplication in 5.057 seconds (JVM running for 7.044)
2020-11-17 22:19:12,306 INFO org.springframework.scheduling.concurrent.ExecutorConfigurationSupport [SpringContextShutdownHook] Shutting down ExecutorService 'applicationTaskExecutor'
2020-11-17 22:19:26,484 INFO org.springframework.boot.StartupInfoLogger [main] Starting MdErgoApplication on agnese-PC with PID 4780 (C:\Users\agnese\MDErgo\target\classes started by agnese in C:\Users\agnese\MDErgo)
2020-11-17 22:19:26,494 DEBUG org.springframework.boot.StartupInfoLogger [main] Running with Spring Boot v2.3.1.RELEASE, Spring v5.2.7.RELEASE
2020-11-17 22:19:26,495 INFO org.springframework.boot.SpringApplication [main] No active profile set, falling back to default profiles: default
2020-11-17 22:19:28,483 INFO org.springframework.boot.web.embedded.tomcat.TomcatWebServer [main] Tomcat initialized with port(s): 8080 (http)
2020-11-17 22:19:28,504 INFO org.apache.juli.logging.DirectJDKLog [main] Initializing ProtocolHandler ["http-nio-8080"]
2020-11-17 22:19:28,506 INFO org.apache.juli.logging.DirectJDKLog [main] Starting service [Tomcat]
2020-11-17 22:19:28,507 INFO org.apache.juli.logging.DirectJDKLog [main] Starting Servlet engine: [Apache Tomcat/9.0.36]
2020-11-17 22:19:28,705 INFO org.apache.juli.logging.DirectJDKLog [main] Initializing Spring embedded WebApplicationContext
2020-11-17 22:19:28,705 INFO org.springframework.boot.web.servlet.context.ServletWebServerApplicationContext [main] Root WebApplicationContext: initialization completed in 2131 ms
2020-11-17 22:19:29,079 INFO org.springframework.scheduling.concurrent.ExecutorConfigurationSupport [main] Initializing ExecutorService 'applicationTaskExecutor'
2020-11-17 22:19:29,275 INFO org.apache.juli.logging.DirectJDKLog [main] Starting ProtocolHandler ["http-nio-8080"]
2020-11-17 22:19:29,315 INFO org.springframework.boot.web.embedded.tomcat.TomcatWebServer [main] Tomcat started on port(s): 8080 (http) with context path ''
2020-11-17 22:19:29,330 INFO org.springframework.boot.StartupInfoLogger [main] Started MdErgoApplication in 4.261 seconds (JVM running for 7.116)
2020-11-17 22:23:08,068 INFO org.springframework.scheduling.concurrent.ExecutorConfigurationSupport [SpringContextShutdownHook] Shutting down ExecutorService 'applicationTaskExecutor'
2020-11-17 22:23:20,607 INFO org.springframework.boot.StartupInfoLogger [main] Starting MdErgoApplication on agnese-PC with PID 12976 (C:\Users\agnese\MDErgo\target\classes started by agnese in C:\Users\agnese\MDErgo)
2020-11-17 22:23:20,615 DEBUG org.springframework.boot.StartupInfoLogger [main] Running with Spring Boot v2.3.1.RELEASE, Spring v5.2.7.RELEASE
2020-11-17 22:23:20,616 INFO org.springframework.boot.SpringApplication [main] No active profile set, falling back to default profiles: default
2020-11-17 22:23:22,397 INFO org.springframework.boot.web.embedded.tomcat.TomcatWebServer [main] Tomcat initialized with port(s): 8080 (http)
2020-11-17 22:23:22,410 INFO org.apache.juli.logging.DirectJDKLog [main] Initializing ProtocolHandler ["http-nio-8080"]
2020-11-17 22:23:22,411 INFO org.apache.juli.logging.DirectJDKLog [main] Starting service [Tomcat]
2020-11-17 22:23:22,411 INFO org.apache.juli.logging.DirectJDKLog [main] Starting Servlet engine: [Apache Tomcat/9.0.36]
2020-11-17 22:23:22,607 INFO org.apache.juli.logging.DirectJDKLog [main] Initializing Spring embedded WebApplicationContext
2020-11-17 22:23:22,608 INFO org.springframework.boot.web.servlet.context.ServletWebServerApplicationContext [main] Root WebApplicationContext: initialization completed in 1839 ms
2020-11-17 22:23:23,062 INFO org.springframework.scheduling.concurrent.ExecutorConfigurationSupport [main] Initializing ExecutorService 'applicationTaskExecutor'
2020-11-17 22:23:23,316 INFO org.apache.juli.logging.DirectJDKLog [main] Starting ProtocolHandler ["http-nio-8080"]
2020-11-17 22:23:23,362 INFO org.springframework.boot.web.embedded.tomcat.TomcatWebServer [main] Tomcat started on port(s): 8080 (http) with context path ''
2020-11-17 22:23:23,384 INFO org.springframework.boot.StartupInfoLogger [main] Started MdErgoApplication in 4.031 seconds (JVM running for 6.462)
2020-11-17 22:27:33,727 INFO org.springframework.scheduling.concurrent.ExecutorConfigurationSupport [SpringContextShutdownHook] Shutting down ExecutorService 'applicationTaskExecutor'
2020-11-17 22:27:43,328 INFO org.springframework.boot.StartupInfoLogger [main] Starting MdErgoApplication on agnese-PC with PID 17252 (C:\Users\agnese\MDErgo\target\classes started by agnese in C:\Users\agnese\MDErgo)
2020-11-17 22:27:43,376 DEBUG org.springframework.boot.StartupInfoLogger [main] Running with Spring Boot v2.3.1.RELEASE, Spring v5.2.7.RELEASE
2020-11-17 22:27:43,378 INFO org.springframework.boot.SpringApplication [main] No active profile set, falling back to default profiles: default
2020-11-17 22:27:45,954 INFO org.springframework.boot.web.embedded.tomcat.TomcatWebServer [main] Tomcat initialized with port(s): 8080 (http)
2020-11-17 22:27:45,966 INFO org.apache.juli.logging.DirectJDKLog [main] Initializing ProtocolHandler ["http-nio-8080"]
2020-11-17 22:27:45,967 INFO org.apache.juli.logging.DirectJDKLog [main] Starting service [Tomcat]
2020-11-17 22:27:45,968 INFO org.apache.juli.logging.DirectJDKLog [main] Starting Servlet engine: [Apache Tomcat/9.0.36]
2020-11-17 22:27:46,162 INFO org.apache.juli.logging.DirectJDKLog [main] Initializing Spring embedded WebApplicationContext
2020-11-17 22:27:46,163 INFO org.springframework.boot.web.servlet.context.ServletWebServerApplicationContext [main] Root WebApplicationContext: initialization completed in 2596 ms
2020-11-17 22:27:46,465 INFO org.springframework.scheduling.concurrent.ExecutorConfigurationSupport [main] Initializing ExecutorService 'applicationTaskExecutor'
2020-11-17 22:27:46,657 INFO org.apache.juli.logging.DirectJDKLog [main] Starting ProtocolHandler ["http-nio-8080"]
2020-11-17 22:27:46,698 INFO org.springframework.boot.web.embedded.tomcat.TomcatWebServer [main] Tomcat started on port(s): 8080 (http) with context path ''
2020-11-17 22:27:46,712 INFO org.springframework.boot.StartupInfoLogger [main] Started MdErgoApplication in 4.983 seconds (JVM running for 7.075)
2020-11-17 22:34:39,691 INFO org.springframework.scheduling.concurrent.ExecutorConfigurationSupport [SpringContextShutdownHook] Shutting down ExecutorService 'applicationTaskExecutor'
2020-11-17 22:34:46,050 INFO org.springframework.boot.StartupInfoLogger [main] Starting MdErgoApplication on agnese-PC with PID 19688 (C:\Users\agnese\MDErgo\target\classes started by agnese in C:\Users\agnese\MDErgo)
2020-11-17 22:34:46,057 DEBUG org.springframework.boot.StartupInfoLogger [main] Running with Spring Boot v2.3.1.RELEASE, Spring v5.2.7.RELEASE
2020-11-17 22:34:46,057 INFO org.springframework.boot.SpringApplication [main] No active profile set, falling back to default profiles: default
2020-11-17 22:34:47,994 INFO org.springframework.boot.web.embedded.tomcat.TomcatWebServer [main] Tomcat initialized with port(s): 8080 (http)
2020-11-17 22:34:48,008 INFO org.apache.juli.logging.DirectJDKLog [main] Initializing ProtocolHandler ["http-nio-8080"]
2020-11-17 22:34:48,010 INFO org.apache.juli.logging.DirectJDKLog [main] Starting service [Tomcat]
2020-11-17 22:34:48,010 INFO org.apache.juli.logging.DirectJDKLog [main] Starting Servlet engine: [Apache Tomcat/9.0.36]
2020-11-17 22:34:48,211 INFO org.apache.juli.logging.DirectJDKLog [main] Initializing Spring embedded WebApplicationContext
2020-11-17 22:34:48,212 INFO org.springframework.boot.web.servlet.context.ServletWebServerApplicationContext [main] Root WebApplicationContext: initialization completed in 2031 ms
2020-11-17 22:34:48,527 INFO org.springframework.scheduling.concurrent.ExecutorConfigurationSupport [main] Initializing ExecutorService 'applicationTaskExecutor'
2020-11-17 22:34:48,728 INFO org.apache.juli.logging.DirectJDKLog [main] Starting ProtocolHandler ["http-nio-8080"]
2020-11-17 22:34:48,773 INFO org.springframework.boot.web.embedded.tomcat.TomcatWebServer [main] Tomcat started on port(s): 8080 (http) with context path ''
2020-11-17 22:34:48,790 INFO org.springframework.boot.StartupInfoLogger [main] Started MdErgoApplication in 3.906 seconds (JVM running for 5.95)
2020-11-17 22:39:19,406 INFO org.springframework.scheduling.concurrent.ExecutorConfigurationSupport [SpringContextShutdownHook] Shutting down ExecutorService 'applicationTaskExecutor'
2020-11-17 22:39:36,384 INFO org.springframework.boot.StartupInfoLogger [main] Starting MdErgoApplication on agnese-PC with PID 18396 (C:\Users\agnese\MDErgo\target\classes started by agnese in C:\Users\agnese\MDErgo)
2020-11-17 22:39:36,394 DEBUG org.springframework.boot.StartupInfoLogger [main] Running with Spring Boot v2.3.1.RELEASE, Spring v5.2.7.RELEASE
2020-11-17 22:39:36,397 INFO org.springframework.boot.SpringApplication [main] No active profile set, falling back to default profiles: default
2020-11-17 22:39:38,827 INFO org.springframework.boot.web.embedded.tomcat.TomcatWebServer [main] Tomcat initialized with port(s): 8080 (http)
2020-11-17 22:39:38,850 INFO org.apache.juli.logging.DirectJDKLog [main] Initializing ProtocolHandler ["http-nio-8080"]
2020-11-17 22:39:38,853 INFO org.apache.juli.logging.DirectJDKLog [main] Starting service [Tomcat]
2020-11-17 22:39:38,853 INFO org.apache.juli.logging.DirectJDKLog [main] Starting Servlet engine: [Apache Tomcat/9.0.36]
2020-11-17 22:39:39,078 INFO org.apache.juli.logging.DirectJDKLog [main] Initializing Spring embedded WebApplicationContext
2020-11-17 22:39:39,080 INFO org.springframework.boot.web.servlet.context.ServletWebServerApplicationContext [main] Root WebApplicationContext: initialization completed in 2558 ms
2020-11-17 22:39:39,479 INFO org.springframework.scheduling.concurrent.ExecutorConfigurationSupport [main] Initializing ExecutorService 'applicationTaskExecutor'
2020-11-17 22:39:39,732 INFO org.apache.juli.logging.DirectJDKLog [main] Starting ProtocolHandler ["http-nio-8080"]
2020-11-17 22:39:39,770 INFO org.springframework.boot.web.embedded.tomcat.TomcatWebServer [main] Tomcat started on port(s): 8080 (http) with context path ''
2020-11-17 22:39:39,788 INFO org.springframework.boot.StartupInfoLogger [main] Started MdErgoApplication in 5.097 seconds (JVM running for 8.485)
2020-11-17 23:05:14,914 INFO org.springframework.scheduling.concurrent.ExecutorConfigurationSupport [SpringContextShutdownHook] Shutting down ExecutorService 'applicationTaskExecutor'
