2020-11-19 08:57:01,288 INFO org.springframework.boot.StartupInfoLogger [main] Starting MdErgoApplication on agnese-PC with PID 16568 (C:\Users\agnese\MDErgo\target\classes started by agnese in C:\Users\agnese\MDErgo)
2020-11-19 08:57:01,301 DEBUG org.springframework.boot.StartupInfoLogger [main] Running with Spring Boot v2.3.1.RELEASE, Spring v5.2.7.RELEASE
2020-11-19 08:57:01,303 INFO org.springframework.boot.SpringApplication [main] No active profile set, falling back to default profiles: default
2020-11-19 08:57:05,094 INFO org.springframework.boot.web.embedded.tomcat.TomcatWebServer [main] Tomcat initialized with port(s): 8080 (http)
2020-11-19 08:57:05,113 INFO org.apache.juli.logging.DirectJDKLog [main] Initializing ProtocolHandler ["http-nio-8080"]
2020-11-19 08:57:05,115 INFO org.apache.juli.logging.DirectJDKLog [main] Starting service [Tomcat]
2020-11-19 08:57:05,115 INFO org.apache.juli.logging.DirectJDKLog [main] Starting Servlet engine: [Apache Tomcat/9.0.36]
2020-11-19 08:57:05,351 INFO org.apache.juli.logging.DirectJDKLog [main] Initializing Spring embedded WebApplicationContext
2020-11-19 08:57:05,352 INFO org.springframework.boot.web.servlet.context.ServletWebServerApplicationContext [main] Root WebApplicationContext: initialization completed in 3911 ms
2020-11-19 08:57:05,761 INFO org.springframework.scheduling.concurrent.ExecutorConfigurationSupport [main] Initializing ExecutorService 'applicationTaskExecutor'
2020-11-19 08:57:06,021 INFO org.apache.juli.logging.DirectJDKLog [main] Starting ProtocolHandler ["http-nio-8080"]
2020-11-19 08:57:06,071 INFO org.springframework.boot.web.embedded.tomcat.TomcatWebServer [main] Tomcat started on port(s): 8080 (http) with context path ''
2020-11-19 08:57:06,104 INFO org.springframework.boot.StartupInfoLogger [main] Started MdErgoApplication in 6.735 seconds (JVM running for 11.109)
2020-11-19 08:57:50,968 INFO org.springframework.scheduling.concurrent.ExecutorConfigurationSupport [SpringContextShutdownHook] Shutting down ExecutorService 'applicationTaskExecutor'
2020-11-19 09:02:46,421 INFO org.springframework.boot.StartupInfoLogger [main] Starting MdErgoApplication on agnese-PC with PID 14504 (C:\Users\agnese\MDErgo\target\classes started by agnese in C:\Users\agnese\MDErgo)
2020-11-19 09:02:46,429 DEBUG org.springframework.boot.StartupInfoLogger [main] Running with Spring Boot v2.3.1.RELEASE, Spring v5.2.7.RELEASE
2020-11-19 09:02:46,430 INFO org.springframework.boot.SpringApplication [main] No active profile set, falling back to default profiles: default
2020-11-19 09:02:48,701 INFO org.springframework.boot.web.embedded.tomcat.TomcatWebServer [main] Tomcat initialized with port(s): 8080 (http)
2020-11-19 09:02:48,715 INFO org.apache.juli.logging.DirectJDKLog [main] Initializing ProtocolHandler ["http-nio-8080"]
2020-11-19 09:02:48,716 INFO org.apache.juli.logging.DirectJDKLog [main] Starting service [Tomcat]
2020-11-19 09:02:48,716 INFO org.apache.juli.logging.DirectJDKLog [main] Starting Servlet engine: [Apache Tomcat/9.0.36]
2020-11-19 09:02:48,907 INFO org.apache.juli.logging.DirectJDKLog [main] Initializing Spring embedded WebApplicationContext
2020-11-19 09:02:48,908 INFO org.springframework.boot.web.servlet.context.ServletWebServerApplicationContext [main] Root WebApplicationContext: initialization completed in 2361 ms
2020-11-19 09:02:49,295 INFO org.springframework.scheduling.concurrent.ExecutorConfigurationSupport [main] Initializing ExecutorService 'applicationTaskExecutor'
2020-11-19 09:02:49,556 INFO org.apache.juli.logging.DirectJDKLog [main] Starting ProtocolHandler ["http-nio-8080"]
2020-11-19 09:02:49,593 INFO org.springframework.boot.web.embedded.tomcat.TomcatWebServer [main] Tomcat started on port(s): 8080 (http) with context path ''
2020-11-19 09:02:49,609 INFO org.springframework.boot.StartupInfoLogger [main] Started MdErgoApplication in 4.666 seconds (JVM running for 7.173)
2020-11-19 09:03:23,387 INFO org.springframework.scheduling.concurrent.ExecutorConfigurationSupport [SpringContextShutdownHook] Shutting down ExecutorService 'applicationTaskExecutor'
2020-11-19 10:49:23,573 INFO org.springframework.boot.StartupInfoLogger [main] Starting MdErgoApplication on agnese-PC with PID 11540 (C:\Users\agnese\MDErgo\target\classes started by agnese in C:\Users\agnese\MDErgo)
2020-11-19 10:49:23,582 DEBUG org.springframework.boot.StartupInfoLogger [main] Running with Spring Boot v2.3.1.RELEASE, Spring v5.2.7.RELEASE
2020-11-19 10:49:23,583 INFO org.springframework.boot.SpringApplication [main] No active profile set, falling back to default profiles: default
2020-11-19 10:49:26,743 INFO org.springframework.boot.web.embedded.tomcat.TomcatWebServer [main] Tomcat initialized with port(s): 8080 (http)
2020-11-19 10:49:26,790 INFO org.apache.juli.logging.DirectJDKLog [main] Initializing ProtocolHandler ["http-nio-8080"]
2020-11-19 10:49:26,794 INFO org.apache.juli.logging.DirectJDKLog [main] Starting service [Tomcat]
2020-11-19 10:49:26,796 INFO org.apache.juli.logging.DirectJDKLog [main] Starting Servlet engine: [Apache Tomcat/9.0.36]
2020-11-19 10:49:27,577 INFO org.apache.juli.logging.DirectJDKLog [main] Initializing Spring embedded WebApplicationContext
2020-11-19 10:49:27,581 INFO org.springframework.boot.web.servlet.context.ServletWebServerApplicationContext [main] Root WebApplicationContext: initialization completed in 3839 ms
2020-11-19 10:49:28,965 INFO org.springframework.scheduling.concurrent.ExecutorConfigurationSupport [main] Initializing ExecutorService 'applicationTaskExecutor'
2020-11-19 10:49:29,786 INFO org.apache.juli.logging.DirectJDKLog [main] Starting ProtocolHandler ["http-nio-8080"]
2020-11-19 10:49:29,932 INFO org.springframework.boot.web.embedded.tomcat.TomcatWebServer [main] Tomcat started on port(s): 8080 (http) with context path ''
2020-11-19 10:49:29,994 INFO org.springframework.boot.StartupInfoLogger [main] Started MdErgoApplication in 8.347 seconds (JVM running for 12.639)
2020-11-19 11:12:18,276 INFO org.springframework.scheduling.concurrent.ExecutorConfigurationSupport [SpringContextShutdownHook] Shutting down ExecutorService 'applicationTaskExecutor'
2020-11-19 11:12:46,981 INFO org.springframework.boot.StartupInfoLogger [main] Starting MdErgoApplication on agnese-PC with PID 16476 (C:\Users\agnese\MDErgo\target\classes started by agnese in C:\Users\agnese\MDErgo)
2020-11-19 11:12:46,992 DEBUG org.springframework.boot.StartupInfoLogger [main] Running with Spring Boot v2.3.1.RELEASE, Spring v5.2.7.RELEASE
2020-11-19 11:12:46,993 INFO org.springframework.boot.SpringApplication [main] No active profile set, falling back to default profiles: default
2020-11-19 11:12:51,590 INFO org.springframework.boot.web.embedded.tomcat.TomcatWebServer [main] Tomcat initialized with port(s): 8080 (http)
2020-11-19 11:12:51,624 INFO org.apache.juli.logging.DirectJDKLog [main] Initializing ProtocolHandler ["http-nio-8080"]
2020-11-19 11:12:51,629 INFO org.apache.juli.logging.DirectJDKLog [main] Starting service [Tomcat]
2020-11-19 11:12:51,630 INFO org.apache.juli.logging.DirectJDKLog [main] Starting Servlet engine: [Apache Tomcat/9.0.36]
2020-11-19 11:12:52,075 INFO org.apache.juli.logging.DirectJDKLog [main] Initializing Spring embedded WebApplicationContext
2020-11-19 11:12:52,076 INFO org.springframework.boot.web.servlet.context.ServletWebServerApplicationContext [main] Root WebApplicationContext: initialization completed in 4853 ms
2020-11-19 11:12:52,838 INFO org.springframework.scheduling.concurrent.ExecutorConfigurationSupport [main] Initializing ExecutorService 'applicationTaskExecutor'
2020-11-19 11:12:53,329 INFO org.apache.juli.logging.DirectJDKLog [main] Starting ProtocolHandler ["http-nio-8080"]
2020-11-19 11:12:53,399 INFO org.springframework.boot.web.embedded.tomcat.TomcatWebServer [main] Tomcat started on port(s): 8080 (http) with context path ''
2020-11-19 11:12:53,432 INFO org.springframework.boot.StartupInfoLogger [main] Started MdErgoApplication in 8.507 seconds (JVM running for 13.573)
2020-11-19 11:19:34,870 INFO org.springframework.scheduling.concurrent.ExecutorConfigurationSupport [SpringContextShutdownHook] Shutting down ExecutorService 'applicationTaskExecutor'
2020-11-19 11:19:54,734 INFO org.springframework.boot.StartupInfoLogger [main] Starting MdErgoApplication on agnese-PC with PID 10992 (C:\Users\agnese\MDErgo\target\classes started by agnese in C:\Users\agnese\MDErgo)
2020-11-19 11:19:54,749 DEBUG org.springframework.boot.StartupInfoLogger [main] Running with Spring Boot v2.3.1.RELEASE, Spring v5.2.7.RELEASE
2020-11-19 11:19:54,750 INFO org.springframework.boot.SpringApplication [main] No active profile set, falling back to default profiles: default
2020-11-19 11:19:58,901 INFO org.springframework.boot.web.embedded.tomcat.TomcatWebServer [main] Tomcat initialized with port(s): 8080 (http)
2020-11-19 11:19:58,934 INFO org.apache.juli.logging.DirectJDKLog [main] Initializing ProtocolHandler ["http-nio-8080"]
2020-11-19 11:19:58,938 INFO org.apache.juli.logging.DirectJDKLog [main] Starting service [Tomcat]
2020-11-19 11:19:58,939 INFO org.apache.juli.logging.DirectJDKLog [main] Starting Servlet engine: [Apache Tomcat/9.0.36]
2020-11-19 11:19:59,436 INFO org.apache.juli.logging.DirectJDKLog [main] Initializing Spring embedded WebApplicationContext
2020-11-19 11:19:59,439 INFO org.springframework.boot.web.servlet.context.ServletWebServerApplicationContext [main] Root WebApplicationContext: initialization completed in 4517 ms
2020-11-19 11:20:00,237 INFO org.springframework.scheduling.concurrent.ExecutorConfigurationSupport [main] Initializing ExecutorService 'applicationTaskExecutor'
2020-11-19 11:20:00,788 INFO org.apache.juli.logging.DirectJDKLog [main] Starting ProtocolHandler ["http-nio-8080"]
2020-11-19 11:20:00,886 INFO org.springframework.boot.web.embedded.tomcat.TomcatWebServer [main] Tomcat started on port(s): 8080 (http) with context path ''
2020-11-19 11:20:00,916 INFO org.springframework.boot.StartupInfoLogger [main] Started MdErgoApplication in 8.187 seconds (JVM running for 11.312)
2020-11-19 11:29:09,275 INFO org.springframework.scheduling.concurrent.ExecutorConfigurationSupport [SpringContextShutdownHook] Shutting down ExecutorService 'applicationTaskExecutor'
2020-11-19 11:29:37,935 INFO org.springframework.boot.StartupInfoLogger [main] Starting MdErgoApplication on agnese-PC with PID 7112 (C:\Users\agnese\MDErgo\target\classes started by agnese in C:\Users\agnese\MDErgo)
2020-11-19 11:29:37,964 DEBUG org.springframework.boot.StartupInfoLogger [main] Running with Spring Boot v2.3.1.RELEASE, Spring v5.2.7.RELEASE
2020-11-19 11:29:37,965 INFO org.springframework.boot.SpringApplication [main] No active profile set, falling back to default profiles: default
2020-11-19 11:29:42,049 INFO org.springframework.boot.web.embedded.tomcat.TomcatWebServer [main] Tomcat initialized with port(s): 8080 (http)
2020-11-19 11:29:42,097 INFO org.apache.juli.logging.DirectJDKLog [main] Initializing ProtocolHandler ["http-nio-8080"]
2020-11-19 11:29:42,101 INFO org.apache.juli.logging.DirectJDKLog [main] Starting service [Tomcat]
2020-11-19 11:29:42,102 INFO org.apache.juli.logging.DirectJDKLog [main] Starting Servlet engine: [Apache Tomcat/9.0.36]
2020-11-19 11:29:42,949 INFO org.apache.juli.logging.DirectJDKLog [main] Initializing Spring embedded WebApplicationContext
2020-11-19 11:29:42,951 INFO org.springframework.boot.web.servlet.context.ServletWebServerApplicationContext [main] Root WebApplicationContext: initialization completed in 4862 ms
2020-11-19 11:29:44,152 INFO org.springframework.scheduling.concurrent.ExecutorConfigurationSupport [main] Initializing ExecutorService 'applicationTaskExecutor'
2020-11-19 11:29:45,247 INFO org.apache.juli.logging.DirectJDKLog [main] Starting ProtocolHandler ["http-nio-8080"]
2020-11-19 11:29:45,401 INFO org.springframework.boot.web.embedded.tomcat.TomcatWebServer [main] Tomcat started on port(s): 8080 (http) with context path ''
2020-11-19 11:29:45,537 INFO org.springframework.boot.StartupInfoLogger [main] Started MdErgoApplication in 9.457 seconds (JVM running for 13.3)
2020-11-19 14:45:30,921 INFO org.springframework.scheduling.concurrent.ExecutorConfigurationSupport [SpringContextShutdownHook] Shutting down ExecutorService 'applicationTaskExecutor'
2020-11-19 14:45:39,746 INFO org.springframework.boot.StartupInfoLogger [main] Starting MdErgoApplication on agnese-PC with PID 10936 (C:\Users\agnese\MDErgo\target\classes started by agnese in C:\Users\agnese\MDErgo)
2020-11-19 14:45:39,759 DEBUG org.springframework.boot.StartupInfoLogger [main] Running with Spring Boot v2.3.1.RELEASE, Spring v5.2.7.RELEASE
2020-11-19 14:45:39,775 INFO org.springframework.boot.SpringApplication [main] No active profile set, falling back to default profiles: default
2020-11-19 14:45:42,139 INFO org.springframework.boot.web.embedded.tomcat.TomcatWebServer [main] Tomcat initialized with port(s): 8080 (http)
2020-11-19 14:45:42,157 INFO org.apache.juli.logging.DirectJDKLog [main] Initializing ProtocolHandler ["http-nio-8080"]
2020-11-19 14:45:42,159 INFO org.apache.juli.logging.DirectJDKLog [main] Starting service [Tomcat]
2020-11-19 14:45:42,159 INFO org.apache.juli.logging.DirectJDKLog [main] Starting Servlet engine: [Apache Tomcat/9.0.36]
2020-11-19 14:45:42,365 INFO org.apache.juli.logging.DirectJDKLog [main] Initializing Spring embedded WebApplicationContext
2020-11-19 14:45:42,367 INFO org.springframework.boot.web.servlet.context.ServletWebServerApplicationContext [main] Root WebApplicationContext: initialization completed in 2471 ms
2020-11-19 14:45:42,750 INFO org.springframework.scheduling.concurrent.ExecutorConfigurationSupport [main] Initializing ExecutorService 'applicationTaskExecutor'
2020-11-19 14:45:42,982 INFO org.apache.juli.logging.DirectJDKLog [main] Starting ProtocolHandler ["http-nio-8080"]
2020-11-19 14:45:43,022 INFO org.springframework.boot.web.embedded.tomcat.TomcatWebServer [main] Tomcat started on port(s): 8080 (http) with context path ''
2020-11-19 14:45:43,039 INFO org.springframework.boot.StartupInfoLogger [main] Started MdErgoApplication in 4.758 seconds (JVM running for 7.456)
2020-11-19 16:35:18,946 INFO org.springframework.scheduling.concurrent.ExecutorConfigurationSupport [SpringContextShutdownHook] Shutting down ExecutorService 'applicationTaskExecutor'
